lib/android/app/build/intermediates/manifest_merge_blame_file/reactNative56Debug/manifest-merger-blame-reactNative56-debug-report.txt
1<?xml version="1.0" encoding="utf-8"?>
2<manifest xmlns:android="http://schemas.android.com/apk/res/android"
3    package="com.reactnativenavigation"
4    android:versionCode="1"
5    android:versionName="1.0" >
6
7    <uses-sdk
8        android:minSdkVersion="19"
8-->src/main/AndroidManifest.xml
9        android:targetSdkVersion="28" />
9-->src/main/AndroidManifest.xml
10
11    <application>
11-->src/main/AndroidManifest.xml:4:5-8:19
12        <activity
12-->src/main/AndroidManifest.xml:5:9-7:39
13            android:name="com.facebook.react.devsupport.DevSettingsActivity"
13-->src/main/AndroidManifest.xml:6:13-77
14            android:exported="false" />
14-->src/main/AndroidManifest.xml:7:13-37
15    </application>
16
17</manifest>